[DEBUG][23-01-07][io.netty.util.internal.logging.InternalLoggerFactory]Using Log4J as the default logging framework
[DEBUG][23-01-07][io.netty.util.internal.InternalThreadLocalMap]-Dio.netty.threadLocalMap.stringBuilder.initialSize: 1024
[DEBUG][23-01-07][io.netty.util.internal.InternalThreadLocalMap]-Dio.netty.threadLocalMap.stringBuilder.maxSize: 4096
[DEBUG][23-01-07][io.netty.channel.MultithreadEventLoopGroup]-Dio.netty.eventLoopThreads: 24
[DEBUG][23-01-07][io.netty.util.internal.PlatformDependent0]-Dio.netty.noUnsafe: false
[DEBUG][23-01-07][io.netty.util.internal.PlatformDependent0]Java version: 8
[DEBUG][23-01-07][io.netty.util.internal.PlatformDependent0]sun.misc.Unsafe.theUnsafe: available
[DEBUG][23-01-07][io.netty.util.internal.PlatformDependent0]sun.misc.Unsafe.copyMemory: available
[DEBUG][23-01-07][io.netty.util.internal.PlatformDependent0]sun.misc.Unsafe.storeFence: available
[DEBUG][23-01-07][io.netty.util.internal.PlatformDependent0]java.nio.Buffer.address: available
[DEBUG][23-01-07][io.netty.util.internal.PlatformDependent0]direct buffer constructor: available
[DEBUG][23-01-07][io.netty.util.internal.PlatformDependent0]java.nio.Bits.unaligned: available, true
[DEBUG][23-01-07][io.netty.util.internal.PlatformDependent0]jdk.internal.misc.Unsafe.allocateUninitializedArray(int): unavailable prior to Java9
[DEBUG][23-01-07][io.netty.util.internal.PlatformDependent0]java.nio.DirectByteBuffer.<init>(long, int): available
[DEBUG][23-01-07][io.netty.util.internal.PlatformDependent]sun.misc.Unsafe: available
[DEBUG][23-01-07][io.netty.util.internal.PlatformDependent]-Dio.netty.tmpdir: C:\Users\jasper\AppData\Local\Temp (java.io.tmpdir)
[DEBUG][23-01-07][io.netty.util.internal.PlatformDependent]-Dio.netty.bitMode: 64 (sun.arch.data.model)
[DEBUG][23-01-07][io.netty.util.internal.PlatformDependent]Platform: Windows
[DEBUG][23-01-07][io.netty.util.internal.PlatformDependent]-Dio.netty.maxDirectMemory: 3665297408 bytes
[DEBUG][23-01-07][io.netty.util.internal.PlatformDependent]-Dio.netty.uninitializedArrayAllocationThreshold: -1
[DEBUG][23-01-07][io.netty.util.internal.CleanerJava6]java.nio.ByteBuffer.cleaner(): available
[DEBUG][23-01-07][io.netty.util.internal.PlatformDependent]-Dio.netty.noPreferDirect: false
[DEBUG][23-01-07][io.netty.channel.nio.NioEventLoop]-Dio.netty.noKeySetOptimization: false
[DEBUG][23-01-07][io.netty.channel.nio.NioEventLoop]-Dio.netty.selectorAutoRebuildThreshold: 512
[DEBUG][23-01-07][io.netty.util.internal.PlatformDependent]org.jctools-core.MpscChunkedArrayQueue: available
[DEBUG][23-01-07][io.netty.channel.DefaultChannelId]-Dio.netty.processId: 28912 (auto-detected)
[DEBUG][23-01-07][io.netty.util.NetUtil]-Djava.net.preferIPv4Stack: false
[DEBUG][23-01-07][io.netty.util.NetUtil]-Djava.net.preferIPv6Addresses: false
[DEBUG][23-01-07][io.netty.util.NetUtilInitializations]Loopback interface: lo (Software Loopback Interface 1, 127.0.0.1)
[DEBUG][23-01-07][io.netty.util.NetUtil]Failed to get SOMAXCONN from sysctl and file \proc\sys\net\core\somaxconn. Default: 200
[DEBUG][23-01-07][io.netty.channel.DefaultChannelId]-Dio.netty.machineId: 00:50:56:ff:fe:c0:00:08 (auto-detected)
[DEBUG][23-01-07][io.netty.util.ResourceLeakDetector]-Dio.netty.leakDetection.level: simple
[DEBUG][23-01-07][io.netty.util.ResourceLeakDetector]-Dio.netty.leakDetection.targetRecords: 4
[DEBUG][23-01-07][io.netty.buffer.PooledByteBufAllocator]-Dio.netty.allocator.numHeapArenas: 24
[DEBUG][23-01-07][io.netty.buffer.PooledByteBufAllocator]-Dio.netty.allocator.numDirectArenas: 24
[DEBUG][23-01-07][io.netty.buffer.PooledByteBufAllocator]-Dio.netty.allocator.pageSize: 8192
[DEBUG][23-01-07][io.netty.buffer.PooledByteBufAllocator]-Dio.netty.allocator.maxOrder: 9
[DEBUG][23-01-07][io.netty.buffer.PooledByteBufAllocator]-Dio.netty.allocator.chunkSize: 4194304
[DEBUG][23-01-07][io.netty.buffer.PooledByteBufAllocator]-Dio.netty.allocator.smallCacheSize: 256
[DEBUG][23-01-07][io.netty.buffer.PooledByteBufAllocator]-Dio.netty.allocator.normalCacheSize: 64
[DEBUG][23-01-07][io.netty.buffer.PooledByteBufAllocator]-Dio.netty.allocator.maxCachedBufferCapacity: 32768
[DEBUG][23-01-07][io.netty.buffer.PooledByteBufAllocator]-Dio.netty.allocator.cacheTrimInterval: 8192
[DEBUG][23-01-07][io.netty.buffer.PooledByteBufAllocator]-Dio.netty.allocator.cacheTrimIntervalMillis: 0
[DEBUG][23-01-07][io.netty.buffer.PooledByteBufAllocator]-Dio.netty.allocator.useCacheForAllThreads: false
[DEBUG][23-01-07][io.netty.buffer.PooledByteBufAllocator]-Dio.netty.allocator.maxCachedByteBuffersPerChunk: 1023
[DEBUG][23-01-07][io.netty.buffer.ByteBufUtil]-Dio.netty.allocator.type: pooled
[DEBUG][23-01-07][io.netty.buffer.ByteBufUtil]-Dio.netty.threadLocalDirectBufferSize: 0
[DEBUG][23-01-07][io.netty.buffer.ByteBufUtil]-Dio.netty.maxThreadLocalCharBufferSize: 16384
[WARN][23-01-07][io.netty.bootstrap.ServerBootstrap]Unknown channel option 'SO_SNDBUF' for channel '[id: 0xe6ec45ca]'
[WARN][23-01-07][io.netty.bootstrap.ServerBootstrap]Unknown channel option 'TCP_NODELAY' for channel '[id: 0xe6ec45ca]'
[DEBUG][23-01-07][io.netty.util.internal.logging.InternalLoggerFactory]Using Log4J as the default logging framework
[DEBUG][23-01-07][io.netty.channel.MultithreadEventLoopGroup]-Dio.netty.eventLoopThreads: 24
[DEBUG][23-01-07][io.netty.util.internal.InternalThreadLocalMap]-Dio.netty.threadLocalMap.stringBuilder.initialSize: 1024
[DEBUG][23-01-07][io.netty.util.internal.InternalThreadLocalMap]-Dio.netty.threadLocalMap.stringBuilder.maxSize: 4096
[DEBUG][23-01-07][io.netty.util.internal.PlatformDependent0]-Dio.netty.noUnsafe: false
[DEBUG][23-01-07][io.netty.util.internal.PlatformDependent0]Java version: 8
[DEBUG][23-01-07][io.netty.util.internal.PlatformDependent0]sun.misc.Unsafe.theUnsafe: available
[DEBUG][23-01-07][io.netty.util.internal.PlatformDependent0]sun.misc.Unsafe.copyMemory: available
[DEBUG][23-01-07][io.netty.util.internal.PlatformDependent0]sun.misc.Unsafe.storeFence: available
[DEBUG][23-01-07][io.netty.util.internal.PlatformDependent0]java.nio.Buffer.address: available
[DEBUG][23-01-07][io.netty.util.internal.PlatformDependent0]direct buffer constructor: available
[DEBUG][23-01-07][io.netty.util.internal.PlatformDependent0]java.nio.Bits.unaligned: available, true
[DEBUG][23-01-07][io.netty.util.internal.PlatformDependent0]jdk.internal.misc.Unsafe.allocateUninitializedArray(int): unavailable prior to Java9
[DEBUG][23-01-07][io.netty.util.internal.PlatformDependent0]java.nio.DirectByteBuffer.<init>(long, int): available
[DEBUG][23-01-07][io.netty.util.internal.PlatformDependent]sun.misc.Unsafe: available
[DEBUG][23-01-07][io.netty.util.internal.PlatformDependent]-Dio.netty.tmpdir: C:\Users\jasper\AppData\Local\Temp (java.io.tmpdir)
[DEBUG][23-01-07][io.netty.util.internal.PlatformDependent]-Dio.netty.bitMode: 64 (sun.arch.data.model)
[DEBUG][23-01-07][io.netty.util.internal.PlatformDependent]Platform: Windows
[DEBUG][23-01-07][io.netty.util.internal.PlatformDependent]-Dio.netty.maxDirectMemory: 3665297408 bytes
[DEBUG][23-01-07][io.netty.util.internal.PlatformDependent]-Dio.netty.uninitializedArrayAllocationThreshold: -1
[DEBUG][23-01-07][io.netty.util.internal.CleanerJava6]java.nio.ByteBuffer.cleaner(): available
[DEBUG][23-01-07][io.netty.util.internal.PlatformDependent]-Dio.netty.noPreferDirect: false
[DEBUG][23-01-07][io.netty.channel.nio.NioEventLoop]-Dio.netty.noKeySetOptimization: false
[DEBUG][23-01-07][io.netty.channel.nio.NioEventLoop]-Dio.netty.selectorAutoRebuildThreshold: 512
[DEBUG][23-01-07][io.netty.util.internal.PlatformDependent]org.jctools-core.MpscChunkedArrayQueue: available
[DEBUG][23-01-07][io.netty.channel.DefaultChannelId]-Dio.netty.processId: 29096 (auto-detected)
[DEBUG][23-01-07][io.netty.util.NetUtil]-Djava.net.preferIPv4Stack: false
[DEBUG][23-01-07][io.netty.util.NetUtil]-Djava.net.preferIPv6Addresses: false
[DEBUG][23-01-07][io.netty.util.NetUtilInitializations]Loopback interface: lo (Software Loopback Interface 1, 127.0.0.1)
[DEBUG][23-01-07][io.netty.util.NetUtil]Failed to get SOMAXCONN from sysctl and file \proc\sys\net\core\somaxconn. Default: 200
[DEBUG][23-01-07][io.netty.channel.DefaultChannelId]-Dio.netty.machineId: 00:50:56:ff:fe:c0:00:08 (auto-detected)
[DEBUG][23-01-07][io.netty.util.ResourceLeakDetector]-Dio.netty.leakDetection.level: simple
[DEBUG][23-01-07][io.netty.util.ResourceLeakDetector]-Dio.netty.leakDetection.targetRecords: 4
[DEBUG][23-01-07][io.netty.buffer.PooledByteBufAllocator]-Dio.netty.allocator.numHeapArenas: 24
[DEBUG][23-01-07][io.netty.buffer.PooledByteBufAllocator]-Dio.netty.allocator.numDirectArenas: 24
[DEBUG][23-01-07][io.netty.buffer.PooledByteBufAllocator]-Dio.netty.allocator.pageSize: 8192
[DEBUG][23-01-07][io.netty.buffer.PooledByteBufAllocator]-Dio.netty.allocator.maxOrder: 9
[DEBUG][23-01-07][io.netty.buffer.PooledByteBufAllocator]-Dio.netty.allocator.chunkSize: 4194304
[DEBUG][23-01-07][io.netty.buffer.PooledByteBufAllocator]-Dio.netty.allocator.smallCacheSize: 256
[DEBUG][23-01-07][io.netty.buffer.PooledByteBufAllocator]-Dio.netty.allocator.normalCacheSize: 64
[DEBUG][23-01-07][io.netty.buffer.PooledByteBufAllocator]-Dio.netty.allocator.maxCachedBufferCapacity: 32768
[DEBUG][23-01-07][io.netty.buffer.PooledByteBufAllocator]-Dio.netty.allocator.cacheTrimInterval: 8192
[DEBUG][23-01-07][io.netty.buffer.PooledByteBufAllocator]-Dio.netty.allocator.cacheTrimIntervalMillis: 0
[DEBUG][23-01-07][io.netty.buffer.PooledByteBufAllocator]-Dio.netty.allocator.useCacheForAllThreads: false
[DEBUG][23-01-07][io.netty.buffer.PooledByteBufAllocator]-Dio.netty.allocator.maxCachedByteBuffersPerChunk: 1023
[DEBUG][23-01-07][io.netty.buffer.ByteBufUtil]-Dio.netty.allocator.type: pooled
[DEBUG][23-01-07][io.netty.buffer.ByteBufUtil]-Dio.netty.threadLocalDirectBufferSize: 0
[DEBUG][23-01-07][io.netty.buffer.ByteBufUtil]-Dio.netty.maxThreadLocalCharBufferSize: 16384
[DEBUG][23-01-07][io.netty.util.Recycler]-Dio.netty.recycler.maxCapacityPerThread: 4096
[DEBUG][23-01-07][io.netty.util.Recycler]-Dio.netty.recycler.ratio: 8
[DEBUG][23-01-07][io.netty.util.Recycler]-Dio.netty.recycler.chunkSize: 32
[DEBUG][23-01-07][io.netty.util.Recycler]-Dio.netty.recycler.blocking: false
[DEBUG][23-01-07][io.netty.buffer.AbstractByteBuf]-Dio.netty.buffer.checkAccessible: true
[DEBUG][23-01-07][io.netty.buffer.AbstractByteBuf]-Dio.netty.buffer.checkBounds: true
[DEBUG][23-01-07][io.netty.util.ResourceLeakDetectorFactory]Loaded default ResourceLeakDetector: io.netty.util.ResourceLeakDetector@6d1c263c
[DEBUG][23-01-07][io.netty.util.Recycler]-Dio.netty.recycler.maxCapacityPerThread: 4096
[DEBUG][23-01-07][io.netty.util.Recycler]-Dio.netty.recycler.ratio: 8
[DEBUG][23-01-07][io.netty.util.Recycler]-Dio.netty.recycler.chunkSize: 32
[DEBUG][23-01-07][io.netty.util.Recycler]-Dio.netty.recycler.blocking: false
[DEBUG][23-01-07][io.netty.buffer.AbstractByteBuf]-Dio.netty.buffer.checkAccessible: true
[DEBUG][23-01-07][io.netty.buffer.AbstractByteBuf]-Dio.netty.buffer.checkBounds: true
[DEBUG][23-01-07][io.netty.util.ResourceLeakDetectorFactory]Loaded default ResourceLeakDetector: io.netty.util.ResourceLeakDetector@dfd623
[DEBUG][23-01-07][io.netty.handler.codec.compression.ZlibCodecFactory]-Dio.netty.noJdkZlibDecoder: false
[DEBUG][23-01-07][io.netty.handler.codec.compression.ZlibCodecFactory]-Dio.netty.noJdkZlibEncoder: false
[DEBUG][23-01-07][io.netty.handler.codec.compression.JdkZlibEncoder]-Dio.netty.jdkzlib.encoder.maxInitialOutputBufferSize=65536
[DEBUG][23-01-07][io.netty.handler.codec.compression.JdkZlibEncoder]-Dio.netty.jdkzlib.encoder.maxInputBufferSize=65536
[DEBUG][23-01-07][io.netty.handler.codec.compression.ZlibCodecFactory]-Dio.netty.noJdkZlibDecoder: false
[DEBUG][23-01-07][io.netty.handler.codec.compression.ZlibCodecFactory]-Dio.netty.noJdkZlibEncoder: false
[DEBUG][23-01-07][io.netty.handler.codec.compression.JdkZlibEncoder]-Dio.netty.jdkzlib.encoder.maxInitialOutputBufferSize=65536
[DEBUG][23-01-07][io.netty.handler.codec.compression.JdkZlibEncoder]-Dio.netty.jdkzlib.encoder.maxInputBufferSize=65536
[WARN][23-01-07][io.netty.bootstrap.ServerBootstrap]Unknown channel option 'SO_SNDBUF' for channel '[id: 0x7b305732]'
[WARN][23-01-07][io.netty.bootstrap.ServerBootstrap]Unknown channel option 'TCP_NODELAY' for channel '[id: 0x7b305732]'
[WARN][23-01-07][io.netty.bootstrap.ServerBootstrap]Unknown channel option 'SO_SNDBUF' for channel '[id: 0x915d02a0]'
[WARN][23-01-07][io.netty.bootstrap.ServerBootstrap]Unknown channel option 'TCP_NODELAY' for channel '[id: 0x915d02a0]'
[WARN][23-01-07][io.netty.bootstrap.ServerBootstrap]Unknown channel option 'SO_SNDBUF' for channel '[id: 0xcf777508]'
[WARN][23-01-07][io.netty.bootstrap.ServerBootstrap]Unknown channel option 'TCP_NODELAY' for channel '[id: 0xcf777508]'
